888	5.67867805	ArcMap.exe:3248	OpenKey	HKCU\CLSID\{29193244-AE5A-47A5-8302-A2D7CFC30D1A}	NOTFOUND		
889	5.67871966	ArcMap.exe:3248	OpenKey	HKCR\CLSID\{29193244-AE5A-47A5-8302-A2D7CFC30D1A}	SUCCESS	Key: 0xE40F1988	
890	5.67873142	ArcMap.exe:3248	QueryKey	HKCR\CLSID\{29193244-AE5A-47A5-8302-A2D7CFC30D1A}	SUCCESS	Name: \REGISTRY\MACHINE\SOFTWARE\Classes\CLSID\{29193244-AE5A-47A5-8302-A2D7CFC30D1A}	
891	5.67875542	ArcMap.exe:3248	OpenKey	HKCU\CLSID\{29193244-AE5A-47A5-8302-A2D7CFC30D1A}\TreatAs	NOTFOUND		
892	5.67876825	ArcMap.exe:3248	OpenKey	HKCR\CLSID\{29193244-AE5A-47A5-8302-A2D7CFC30D1A}\TreatAs	NOTFOUND		
895	5.67880874	ArcMap.exe:3248	CloseKey	HKCR\CLSID\{29193244-AE5A-47A5-8302-A2D7CFC30D1A}	SUCCESS	Key: 0xE40F1988	
897	5.67883080	ArcMap.exe:3248	OpenKey	HKCU\CLSID\{29193244-AE5A-47A5-8302-A2D7CFC30D1A}	NOTFOUND		
898	5.67884789	ArcMap.exe:3248	OpenKey	HKCR\CLSID\{29193244-AE5A-47A5-8302-A2D7CFC30D1A}	SUCCESS	Key: 0xE40F1988	
899	5.67885868	ArcMap.exe:3248	QueryKey	HKCR\CLSID\{29193244-AE5A-47A5-8302-A2D7CFC30D1A}	SUCCESS	Name: \REGISTRY\MACHINE\SOFTWARE\Classes\CLSID\{29193244-AE5A-47A5-8302-A2D7CFC30D1A}	
900	5.67887991	ArcMap.exe:3248	OpenKey	HKCU\CLSID\{29193244-AE5A-47A5-8302-A2D7CFC30D1A}\InprocServer32	NOTFOUND		
901	5.67890280	ArcMap.exe:3248	OpenKey	HKCR\CLSID\{29193244-AE5A-47A5-8302-A2D7CFC30D1A}\InprocServer32	SUCCESS	Key: 0xE4113A38	
902	5.67891599	ArcMap.exe:3248	QueryKey	HKCR\CLSID\{29193244-AE5A-47A5-8302-A2D7CFC30D1A}\InprocServer32	SUCCESS	Name: \REGISTRY\MACHINE\SOFTWARE\Classes\CLSID\{29193244-AE5A-47A5-8302-A2D7CFC30D1A}\InprocServer32	
903	5.67893604	ArcMap.exe:3248	OpenKey	HKCU\CLSID\{29193244-AE5A-47A5-8302-A2D7CFC30D1A}\InprocServer32	NOTFOUND		
904	5.67895055	ArcMap.exe:3248	QueryValue	HKCR\CLSID\{29193244-AE5A-47A5-8302-A2D7CFC30D1A}\InprocServer32\InprocServer32	NOTFOUND		
905	5.67896224	ArcMap.exe:3248	CloseKey	HKCR\CLSID\{29193244-AE5A-47A5-8302-A2D7CFC30D1A}\InprocServer32	SUCCESS	Key: 0xE4113A38	
906	5.67897404	ArcMap.exe:3248	QueryKey	HKCR\CLSID\{29193244-AE5A-47A5-8302-A2D7CFC30D1A}	SUCCESS	Name: \REGISTRY\MACHINE\SOFTWARE\Classes\CLSID\{29193244-AE5A-47A5-8302-A2D7CFC30D1A}	
907	5.67899437	ArcMap.exe:3248	OpenKey	HKCU\CLSID\{29193244-AE5A-47A5-8302-A2D7CFC30D1A}\InprocServerX86	NOTFOUND		
908	5.67900413	ArcMap.exe:3248	OpenKey	HKCR\CLSID\{29193244-AE5A-47A5-8302-A2D7CFC30D1A}\InprocServerX86	NOTFOUND		
909	5.67901453	ArcMap.exe:3248	QueryKey	HKCR\CLSID\{29193244-AE5A-47A5-8302-A2D7CFC30D1A}	SUCCESS	Name: \REGISTRY\MACHINE\SOFTWARE\Classes\CLSID\{29193244-AE5A-47A5-8302-A2D7CFC30D1A}	
910	5.67903340	ArcMap.exe:3248	OpenKey	HKCU\CLSID\{29193244-AE5A-47A5-8302-A2D7CFC30D1A}\LocalServer32	NOTFOUND		
911	5.67904274	ArcMap.exe:3248	OpenKey	HKCR\CLSID\{29193244-AE5A-47A5-8302-A2D7CFC30D1A}\LocalServer32	NOTFOUND		
912	5.67905354	ArcMap.exe:3248	QueryKey	HKCR\CLSID\{29193244-AE5A-47A5-8302-A2D7CFC30D1A}	SUCCESS	Name: \REGISTRY\MACHINE\SOFTWARE\Classes\CLSID\{29193244-AE5A-47A5-8302-A2D7CFC30D1A}	
913	5.67907813	ArcMap.exe:3248	OpenKey	HKCU\CLSID\{29193244-AE5A-47A5-8302-A2D7CFC30D1A}\InprocServer32	NOTFOUND		
914	5.67909498	ArcMap.exe:3248	OpenKey	HKCR\CLSID\{29193244-AE5A-47A5-8302-A2D7CFC30D1A}\InprocServer32	SUCCESS	Key: 0xE4113A38	
915	5.67910689	ArcMap.exe:3248	QueryKey	HKCR\CLSID\{29193244-AE5A-47A5-8302-A2D7CFC30D1A}\InprocServer32	SUCCESS	Name: \REGISTRY\MACHINE\SOFTWARE\Classes\CLSID\{29193244-AE5A-47A5-8302-A2D7CFC30D1A}\InprocServer32	
916	5.67912591	ArcMap.exe:3248	OpenKey	HKCU\CLSID\{29193244-AE5A-47A5-8302-A2D7CFC30D1A}\InprocServer32	NOTFOUND		
917	5.67913577	ArcMap.exe:3248	QueryValue	HKCR\CLSID\{29193244-AE5A-47A5-8302-A2D7CFC30D1A}\InprocServer32\(Default)	SUCCESS	"c:\projecten\vb\gdb_arcgis\ArcGIS_GDB.dll"	
918	5.67914742	ArcMap.exe:3248	CloseKey	HKCR\CLSID\{29193244-AE5A-47A5-8302-A2D7CFC30D1A}\InprocServer32	SUCCESS	Key: 0xE4113A38	
919	5.67916099	ArcMap.exe:3248	QueryKey	HKCR\CLSID\{29193244-AE5A-47A5-8302-A2D7CFC30D1A}	SUCCESS	Name: \REGISTRY\MACHINE\SOFTWARE\Classes\CLSID\{29193244-AE5A-47A5-8302-A2D7CFC30D1A}	
920	5.67918087	ArcMap.exe:3248	OpenKey	HKCU\CLSID\{29193244-AE5A-47A5-8302-A2D7CFC30D1A}\InprocHandler32	NOTFOUND		
921	5.67919031	ArcMap.exe:3248	OpenKey	HKCR\CLSID\{29193244-AE5A-47A5-8302-A2D7CFC30D1A}\InprocHandler32	NOTFOUND		
922	5.67920084	ArcMap.exe:3248	QueryKey	HKCR\CLSID\{29193244-AE5A-47A5-8302-A2D7CFC30D1A}	SUCCESS	Name: \REGISTRY\MACHINE\SOFTWARE\Classes\CLSID\{29193244-AE5A-47A5-8302-A2D7CFC30D1A}	
923	5.67921983	ArcMap.exe:3248	OpenKey	HKCU\CLSID\{29193244-AE5A-47A5-8302-A2D7CFC30D1A}\InprocHandlerX86	NOTFOUND		
924	5.67922954	ArcMap.exe:3248	OpenKey	HKCR\CLSID\{29193244-AE5A-47A5-8302-A2D7CFC30D1A}\InprocHandlerX86	NOTFOUND		
925	5.67924034	ArcMap.exe:3248	QueryKey	HKCR\CLSID\{29193244-AE5A-47A5-8302-A2D7CFC30D1A}	SUCCESS	Name: \REGISTRY\MACHINE\SOFTWARE\Classes\CLSID\{29193244-AE5A-47A5-8302-A2D7CFC30D1A}	
926	5.67925951	ArcMap.exe:3248	OpenKey	HKCU\CLSID\{29193244-AE5A-47A5-8302-A2D7CFC30D1A}\LocalServer32	NOTFOUND		
927	5.67926844	ArcMap.exe:3248	OpenKey	HKCR\CLSID\{29193244-AE5A-47A5-8302-A2D7CFC30D1A}\LocalServer32	NOTFOUND		
928	5.67927871	ArcMap.exe:3248	QueryKey	HKCR\CLSID\{29193244-AE5A-47A5-8302-A2D7CFC30D1A}	SUCCESS	Name: \REGISTRY\MACHINE\SOFTWARE\Classes\CLSID\{29193244-AE5A-47A5-8302-A2D7CFC30D1A}	
929	5.67929721	ArcMap.exe:3248	OpenKey	HKCU\CLSID\{29193244-AE5A-47A5-8302-A2D7CFC30D1A}\LocalServer	NOTFOUND		
930	5.67930621	ArcMap.exe:3248	OpenKey	HKCR\CLSID\{29193244-AE5A-47A5-8302-A2D7CFC30D1A}\LocalServer	NOTFOUND		
932	5.67932513	ArcMap.exe:3248	OpenKey	HKCU\CLSID\{29193244-AE5A-47A5-8302-A2D7CFC30D1A}	NOTFOUND		
933	5.67934228	ArcMap.exe:3248	OpenKey	HKCR\CLSID\{29193244-AE5A-47A5-8302-A2D7CFC30D1A}	SUCCESS	Key: 0xE4113A38	
934	5.67935258	ArcMap.exe:3248	QueryKey	HKCR\CLSID\{29193244-AE5A-47A5-8302-A2D7CFC30D1A}	SUCCESS	Name: \REGISTRY\MACHINE\SOFTWARE\Classes\CLSID\{29193244-AE5A-47A5-8302-A2D7CFC30D1A}	
935	5.67937092	ArcMap.exe:3248	OpenKey	HKCU\CLSID\{29193244-AE5A-47A5-8302-A2D7CFC30D1A}	NOTFOUND		
936	5.67938346	ArcMap.exe:3248	QueryValue	HKCR\CLSID\{29193244-AE5A-47A5-8302-A2D7CFC30D1A}\AppID	SUCCESS	"{29193244-AE5A-47A5-8302-A2D7CFC30D1A}"	
937	5.67939568	ArcMap.exe:3248	CloseKey	HKCR\CLSID\{29193244-AE5A-47A5-8302-A2D7CFC30D1A}	SUCCESS	Key: 0xE4113A38	
939	5.67941827	ArcMap.exe:3248	OpenKey	HKCU\AppID\{29193244-AE5A-47A5-8302-A2D7CFC30D1A}	NOTFOUND		
940	5.67944247	ArcMap.exe:3248	OpenKey	HKCR\AppID\{29193244-AE5A-47A5-8302-A2D7CFC30D1A}	SUCCESS	Key: 0xE4113A38	
941	5.67945338	ArcMap.exe:3248	QueryKey	HKCR\AppID\{29193244-AE5A-47A5-8302-A2D7CFC30D1A}	SUCCESS	Name: \REGISTRY\MACHINE\SOFTWARE\Classes\AppID\{29193244-AE5A-47A5-8302-A2D7CFC30D1A}	
942	5.67947550	ArcMap.exe:3248	OpenKey	HKCU\AppID\{29193244-AE5A-47A5-8302-A2D7CFC30D1A}	NOTFOUND		
943	5.67948721	ArcMap.exe:3248	QueryValue	HKCR\AppID\{29193244-AE5A-47A5-8302-A2D7CFC30D1A}\DllSurrogate	NOTFOUND		
944	5.67949742	ArcMap.exe:3248	QueryKey	HKCR\AppID\{29193244-AE5A-47A5-8302-A2D7CFC30D1A}	SUCCESS	Name: \REGISTRY\MACHINE\SOFTWARE\Classes\AppID\{29193244-AE5A-47A5-8302-A2D7CFC30D1A}	
945	5.67951585	ArcMap.exe:3248	OpenKey	HKCU\AppID\{29193244-AE5A-47A5-8302-A2D7CFC30D1A}	NOTFOUND		
946	5.67952375	ArcMap.exe:3248	QueryValue	HKCR\AppID\{29193244-AE5A-47A5-8302-A2D7CFC30D1A}\LocalService	NOTFOUND		
947	5.67953550	ArcMap.exe:3248	CloseKey	HKCR\AppID\{29193244-AE5A-47A5-8302-A2D7CFC30D1A}	SUCCESS	Key: 0xE4113A38	
948	5.67955029	ArcMap.exe:3248	CloseKey	HKCR\CLSID\{29193244-AE5A-47A5-8302-A2D7CFC30D1A}	SUCCESS	Key: 0xE40F1988	
950	5.67960006	ArcMap.exe:3248	OpenKey	HKCU\CLSID\{29193244-AE5A-47A5-8302-A2D7CFC30D1A}	NOTFOUND		
951	5.67961730	ArcMap.exe:3248	OpenKey	HKCR\CLSID\{29193244-AE5A-47A5-8302-A2D7CFC30D1A}	SUCCESS	Key: 0xE40F1988	
952	5.67962945	ArcMap.exe:3248	CloseKey	HKCR\CLSID\{29193244-AE5A-47A5-8302-A2D7CFC30D1A}	SUCCESS	Key: 0xE40F1988	
954	5.67965561	ArcMap.exe:3248	OpenKey	HKCU\CLSID\{29193244-AE5A-47A5-8302-A2D7CFC30D1A}	NOTFOUND		
955	5.67967237	ArcMap.exe:3248	OpenKey	HKCR\CLSID\{29193244-AE5A-47A5-8302-A2D7CFC30D1A}	SUCCESS	Key: 0xE40F1988	
956	5.67968371	ArcMap.exe:3248	QueryKey	HKCR\CLSID\{29193244-AE5A-47A5-8302-A2D7CFC30D1A}	SUCCESS	Name: \REGISTRY\MACHINE\SOFTWARE\Classes\CLSID\{29193244-AE5A-47A5-8302-A2D7CFC30D1A}	
957	5.67970371	ArcMap.exe:3248	OpenKey	HKCU\CLSID\{29193244-AE5A-47A5-8302-A2D7CFC30D1A}\InprocServer32	NOTFOUND		
958	5.67971997	ArcMap.exe:3248	OpenKey	HKCR\CLSID\{29193244-AE5A-47A5-8302-A2D7CFC30D1A}\InprocServer32	SUCCESS	Key: 0xE4113A38	
959	5.67973192	ArcMap.exe:3248	QueryKey	HKCR\CLSID\{29193244-AE5A-47A5-8302-A2D7CFC30D1A}\InprocServer32	SUCCESS	Name: \REGISTRY\MACHINE\SOFTWARE\Classes\CLSID\{29193244-AE5A-47A5-8302-A2D7CFC30D1A}\InprocServer32	
960	5.67975157	ArcMap.exe:3248	OpenKey	HKCU\CLSID\{29193244-AE5A-47A5-8302-A2D7CFC30D1A}\InprocServer32	NOTFOUND		
961	5.67976147	ArcMap.exe:3248	QueryValue	HKCR\CLSID\{29193244-AE5A-47A5-8302-A2D7CFC30D1A}\InprocServer32\ThreadingModel	SUCCESS	"Apartment"	
962	5.67977304	ArcMap.exe:3248	CloseKey	HKCR\CLSID\{29193244-AE5A-47A5-8302-A2D7CFC30D1A}\InprocServer32	SUCCESS	Key: 0xE4113A38	
963	5.67978596	ArcMap.exe:3248	CloseKey	HKCR\CLSID\{29193244-AE5A-47A5-8302-A2D7CFC30D1A}	SUCCESS	Key: 0xE40F1988	
